# Time (Days) 	 Lbol (erg/s) 	 Mbol 	  U	B
5.50e+00 1.00e-10 0.00e+00 0.00e+00 0.00e+00
6.50e+00 1.00e-10 0.00e+00 0.00e+00 0.00e+00
7.50e+00 1.00e-10 0.00e+00 0.00e+00 0.00e+00
8.50e+00 1.00e-10 0.00e+00 0.00e+00 0.00e+00
9.50e+00 1.00e-10 0.00e+00 0.00e+00 0.00e+00
1.05e+01 1.00e-10 0.00e+00 0.00e+00 0.00e+00
1.15e+01 1.00e-10 0.00e+00 0.00e+00 0.00e+00
1.25e+01 1.00e-10 0.00e+00 0.00e+00 0.00e+00
1.35e+01 1.00e-10 0.00e+00 0.00e+00 0.00e+00
1.45e+01 1.00e-10 0.00e+00 0.00e+00 0.00e+00
1.55e+01 1.00e-10 0.00e+00 0.00e+00 0.00e+00
1.65e+01 1.00e-10 0.00e+00 0.00e+00 0.00e+00
1.75e+01 1.00e-10 0.00e+00 0.00e+00 0.00e+00
1.85e+01 2.99e+37 -9.68e+00 0.00e+00 0.00e+00
1.95e+01 1.41e+38 -1.14e+01 0.00e+00 0.00e+00
2.05e+01 1.59e+38 -1.15e+01 0.00e+00 0.00e+00
2.15e+01 4.55e+38 -1.26e+01 -6.45e+00 0.00e+00
2.25e+01 2.30e+39 -1.44e+01 -6.06e+00 -5.64e+00
2.35e+01 4.52e+39 -1.51e+01 -6.52e+00 -6.39e+00
2.45e+01 1.16e+40 -1.62e+01 -8.43e+00 -7.00e+00
2.55e+01 2.10e+40 -1.68e+01 -9.43e+00 -9.25e+00
2.65e+01 3.71e+40 -1.74e+01 -1.01e+01 -9.19e+00
2.75e+01 6.03e+40 -1.79e+01 -1.04e+01 -1.05e+01
2.85e+01 9.40e+40 -1.84e+01 -1.09e+01 -1.05e+01
2.95e+01 1.32e+41 -1.88e+01 -1.12e+01 -1.12e+01
3.05e+01 1.87e+41 -1.92e+01 -1.17e+01 -1.16e+01
3.15e+01 2.42e+41 -1.95e+01 -1.22e+01 -1.21e+01
3.25e+01 3.15e+41 -1.97e+01 -1.25e+01 -1.23e+01
3.35e+01 4.01e+41 -2.00e+01 -1.28e+01 -1.27e+01
3.45e+01 4.78e+41 -2.02e+01 -1.30e+01 -1.29e+01
3.55e+01 5.71e+41 -2.04e+01 -1.33e+01 -1.31e+01
3.65e+01 6.68e+41 -2.06e+01 -1.35e+01 -1.33e+01
3.75e+01 7.47e+41 -2.07e+01 -1.37e+01 -1.35e+01
3.85e+01 8.45e+41 -2.08e+01 -1.38e+01 -1.37e+01
3.95e+01 9.27e+41 -2.09e+01 -1.40e+01 -1.38e+01
4.05e+01 1.00e+42 -2.10e+01 -1.41e+01 -1.39e+01
4.15e+01 1.09e+42 -2.11e+01 -1.42e+01 -1.41e+01
4.25e+01 1.16e+42 -2.12e+01 -1.43e+01 -1.41e+01
4.35e+01 1.22e+42 -2.12e+01 -1.44e+01 -1.42e+01
4.45e+01 1.27e+42 -2.13e+01 -1.44e+01 -1.43e+01
4.55e+01 1.32e+42 -2.13e+01 -1.45e+01 -1.44e+01
4.65e+01 1.37e+42 -2.13e+01 -1.45e+01 -1.44e+01
4.75e+01 1.40e+42 -2.14e+01 -1.46e+01 -1.45e+01
4.85e+01 1.43e+42 -2.14e+01 -1.46e+01 -1.45e+01
4.95e+01 1.45e+42 -2.14e+01 -1.46e+01 -1.46e+01
5.05e+01 1.46e+42 -2.14e+01 -1.47e+01 -1.46e+01
5.15e+01 1.48e+42 -2.14e+01 -1.47e+01 -1.46e+01
5.25e+01 1.47e+42 -2.14e+01 -1.47e+01 -1.46e+01
5.35e+01 1.47e+42 -2.14e+01 -1.47e+01 -1.47e+01
5.45e+01 1.46e+42 -2.14e+01 -1.47e+01 -1.46e+01
5.55e+01 1.44e+42 -2.14e+01 -1.47e+01 -1.47e+01
5.65e+01 1.44e+42 -2.14e+01 -1.47e+01 -1.46e+01
5.75e+01 1.41e+42 -2.14e+01 -1.47e+01 -1.46e+01
5.85e+01 1.38e+42 -2.13e+01 -1.47e+01 -1.46e+01
5.95e+01 1.36e+42 -2.13e+01 -1.47e+01 -1.46e+01
6.05e+01 1.34e+42 -2.13e+01 -1.47e+01 -1.46e+01
6.15e+01 1.30e+42 -2.13e+01 -1.46e+01 -1.46e+01
6.25e+01 1.27e+42 -2.13e+01 -1.46e+01 -1.46e+01
6.35e+01 1.23e+42 -2.12e+01 -1.46e+01 -1.45e+01
6.45e+01 1.21e+42 -2.12e+01 -1.45e+01 -1.45e+01
6.55e+01 1.17e+42 -2.12e+01 -1.45e+01 -1.45e+01
6.65e+01 1.13e+42 -2.11e+01 -1.45e+01 -1.45e+01
6.75e+01 1.10e+42 -2.11e+01 -1.44e+01 -1.44e+01
6.85e+01 1.07e+42 -2.11e+01 -1.44e+01 -1.44e+01
6.95e+01 1.03e+42 -2.10e+01 -1.44e+01 -1.43e+01
7.05e+01 1.00e+42 -2.10e+01 -1.43e+01 -1.43e+01
7.15e+01 9.62e+41 -2.10e+01 -1.43e+01 -1.43e+01
7.25e+01 9.28e+41 -2.09e+01 -1.42e+01 -1.42e+01
7.35e+01 8.98e+41 -2.09e+01 -1.42e+01 -1.42e+01
7.45e+01 8.69e+41 -2.08e+01 -1.41e+01 -1.41e+01
7.55e+01 8.32e+41 -2.08e+01 -1.41e+01 -1.41e+01
7.65e+01 8.03e+41 -2.08e+01 -1.40e+01 -1.41e+01
7.75e+01 7.74e+41 -2.07e+01 -1.40e+01 -1.40e+01
7.85e+01 7.41e+41 -2.07e+01 -1.39e+01 -1.40e+01
7.95e+01 7.20e+41 -2.06e+01 -1.39e+01 -1.39e+01
8.05e+01 6.87e+41 -2.06e+01 -1.38e+01 -1.39e+01
8.15e+01 6.55e+41 -2.05e+01 -1.37e+01 -1.38e+01
8.25e+01 6.31e+41 -2.05e+01 -1.37e+01 -1.37e+01
8.35e+01 6.08e+41 -2.05e+01 -1.36e+01 -1.37e+01
8.45e+01 5.84e+41 -2.04e+01 -1.36e+01 -1.36e+01
8.55e+01 5.61e+41 -2.04e+01 -1.35e+01 -1.36e+01
8.65e+01 5.34e+41 -2.03e+01 -1.34e+01 -1.35e+01
8.75e+01 5.13e+41 -2.03e+01 -1.34e+01 -1.35e+01
8.85e+01 4.94e+41 -2.02e+01 -1.34e+01 -1.34e+01
8.95e+01 4.75e+41 -2.02e+01 -1.33e+01 -1.33e+01
9.05e+01 4.56e+41 -2.01e+01 -1.32e+01 -1.33e+01
9.15e+01 4.34e+41 -2.01e+01 -1.32e+01 -1.32e+01
9.25e+01 4.17e+41 -2.00e+01 -1.31e+01 -1.32e+01
9.35e+01 4.00e+41 -2.00e+01 -1.30e+01 -1.31e+01
9.45e+01 3.85e+41 -2.00e+01 -1.29e+01 -1.30e+01
9.55e+01 3.67e+41 -1.99e+01 -1.29e+01 -1.29e+01
9.65e+01 3.55e+41 -1.99e+01 -1.28e+01 -1.29e+01
9.75e+01 3.38e+41 -1.98e+01 -1.28e+01 -1.28e+01
9.85e+01 3.26e+41 -1.98e+01 -1.27e+01 -1.28e+01
9.95e+01 3.12e+41 -1.97e+01 -1.26e+01 -1.27e+01
1.00e+02 3.01e+41 -1.97e+01 -1.25e+01 -1.26e+01
1.02e+02 2.88e+41 -1.96e+01 -1.25e+01 -1.26e+01
1.02e+02 2.76e+41 -1.96e+01 -1.24e+01 -1.24e+01
1.04e+02 2.67e+41 -1.96e+01 -1.23e+01 -1.24e+01
1.04e+02 2.54e+41 -1.95e+01 -1.23e+01 -1.23e+01
1.06e+02 2.46e+41 -1.95e+01 -1.22e+01 -1.23e+01
1.06e+02 2.37e+41 -1.94e+01 -1.21e+01 -1.22e+01
1.08e+02 2.26e+41 -1.94e+01 -1.21e+01 -1.21e+01
1.08e+02 2.19e+41 -1.93e+01 -1.20e+01 -1.20e+01
1.10e+02 2.10e+41 -1.93e+01 -1.19e+01 -1.19e+01
1.10e+02 2.03e+41 -1.93e+01 -1.18e+01 -1.18e+01
1.12e+02 1.95e+41 -1.92e+01 -1.18e+01 -1.18e+01
1.12e+02 1.88e+41 -1.92e+01 -1.17e+01 -1.18e+01
1.14e+02 1.81e+41 -1.91e+01 -1.16e+01 -1.16e+01
1.14e+02 1.75e+41 -1.91e+01 -1.15e+01 -1.15e+01
1.16e+02 1.68e+41 -1.91e+01 -1.15e+01 -1.15e+01
1.16e+02 1.64e+41 -1.90e+01 -1.14e+01 -1.14e+01
1.18e+02 1.57e+41 -1.90e+01 -1.13e+01 -1.13e+01
1.18e+02 1.53e+41 -1.90e+01 -1.12e+01 -1.13e+01
1.20e+02 1.49e+41 -1.89e+01 -1.11e+01 -1.12e+01
1.20e+02 1.43e+41 -1.89e+01 -1.11e+01 -1.12e+01
1.22e+02 1.38e+41 -1.88e+01 -1.10e+01 -1.10e+01
1.22e+02 1.33e+41 -1.88e+01 -1.09e+01 -1.10e+01
1.24e+02 1.30e+41 -1.88e+01 -1.08e+01 -1.08e+01
1.24e+02 1.26e+41 -1.87e+01 -1.08e+01 -1.08e+01
1.26e+02 1.22e+41 -1.87e+01 -1.07e+01 -1.06e+01
1.26e+02 1.18e+41 -1.87e+01 -1.06e+01 -1.07e+01
1.28e+02 1.15e+41 -1.87e+01 -1.05e+01 -1.05e+01
1.28e+02 1.12e+41 -1.86e+01 -1.05e+01 -1.05e+01
1.30e+02 1.09e+41 -1.86e+01 -1.04e+01 -1.04e+01
1.30e+02 1.06e+41 -1.86e+01 -1.03e+01 -1.03e+01
1.32e+02 1.04e+41 -1.85e+01 -1.02e+01 -1.02e+01
1.32e+02 1.01e+41 -1.85e+01 -1.01e+01 -1.01e+01
1.34e+02 9.76e+40 -1.85e+01 -1.00e+01 -1.01e+01
1.34e+02 9.54e+40 -1.84e+01 -1.00e+01 -9.99e+00
1.36e+02 9.32e+40 -1.84e+01 -9.89e+00 -9.93e+00
1.36e+02 9.06e+40 -1.84e+01 -9.83e+00 -9.88e+00
1.38e+02 8.87e+40 -1.84e+01 -9.83e+00 -9.71e+00
1.38e+02 8.67e+40 -1.83e+01 -9.71e+00 -9.56e+00
1.40e+02 8.44e+40 -1.83e+01 -9.66e+00 -9.65e+00
1.40e+02 8.26e+40 -1.83e+01 -9.59e+00 -9.44e+00
1.42e+02 8.09e+40 -1.83e+01 -9.50e+00 -9.38e+00
1.42e+02 7.91e+40 -1.82e+01 -9.47e+00 -9.39e+00
1.44e+02 7.77e+40 -1.82e+01 -9.41e+00 -9.40e+00
1.44e+02 7.54e+40 -1.82e+01 -9.31e+00 -9.17e+00
1.46e+02 7.41e+40 -1.82e+01 -9.18e+00 -9.11e+00
1.46e+02 7.29e+40 -1.82e+01 -9.28e+00 -9.06e+00
1.48e+02 7.13e+40 -1.81e+01 -9.06e+00 -9.20e+00
1.48e+02 7.02e+40 -1.81e+01 -9.07e+00 -8.94e+00
1.50e+02 6.84e+40 -1.81e+01 -9.01e+00 -8.81e+00
1.50e+02 6.72e+40 -1.81e+01 -8.96e+00 -8.80e+00
1.52e+02 6.58e+40 -1.80e+01 -8.88e+00 -8.66e+00
1.52e+02 6.44e+40 -1.80e+01 -8.78e+00 -8.65e+00
1.54e+02 6.37e+40 -1.80e+01 -8.92e+00 -8.70e+00
1.54e+02 6.26e+40 -1.80e+01 -8.83e+00 -8.66e+00
1.56e+02 6.13e+40 -1.80e+01 -8.67e+00 -8.47e+00
1.56e+02 6.04e+40 -1.79e+01 -8.67e+00 -8.43e+00
1.58e+02 5.91e+40 -1.79e+01 -8.58e+00 -8.39e+00
1.58e+02 5.81e+40 -1.79e+01 -8.52e+00 -8.33e+00
1.60e+02 5.72e+40 -1.79e+01 -8.46e+00 -8.25e+00
1.60e+02 5.64e+40 -1.79e+01 -8.45e+00 -8.36e+00
1.62e+02 5.54e+40 -1.79e+01 -8.43e+00 -8.27e+00
1.62e+02 5.45e+40 -1.78e+01 -8.28e+00 -8.08e+00
1.64e+02 5.38e+40 -1.78e+01 -8.33e+00 -8.15e+00
1.64e+02 5.28e+40 -1.78e+01 -8.25e+00 -8.14e+00
1.66e+02 5.21e+40 -1.78e+01 -8.30e+00 -7.85e+00
1.66e+02 5.12e+40 -1.78e+01 -8.31e+00 -7.97e+00
1.68e+02 5.05e+40 -1.78e+01 -8.18e+00 -7.84e+00
1.68e+02 4.97e+40 -1.77e+01 -8.12e+00 -7.74e+00
1.70e+02 4.88e+40 -1.77e+01 -8.07e+00 -7.70e+00
1.70e+02 4.83e+40 -1.77e+01 -8.08e+00 -7.88e+00
1.72e+02 4.76e+40 -1.77e+01 -8.14e+00 -7.68e+00
1.72e+02 4.69e+40 -1.77e+01 -7.99e+00 -7.65e+00
1.74e+02 4.62e+40 -1.77e+01 -8.01e+00 -7.59e+00
1.74e+02 4.55e+40 -1.76e+01 -7.96e+00 -7.71e+00
1.76e+02 4.49e+40 -1.76e+01 -7.83e+00 -7.67e+00
1.76e+02 4.44e+40 -1.76e+01 -7.92e+00 -7.56e+00
1.78e+02 4.36e+40 -1.76e+01 -7.86e+00 -7.51e+00
1.78e+02 4.32e+40 -1.76e+01 -7.89e+00 -7.59e+00
1.80e+02 4.25e+40 -1.76e+01 -7.86e+00 -7.47e+00
1.80e+02 4.20e+40 -1.76e+01 -7.82e+00 -7.51e+00
1.82e+02 4.15e+40 -1.75e+01 -7.85e+00 -7.42e+00
1.82e+02 4.09e+40 -1.75e+01 -7.83e+00 -7.48e+00
1.84e+02 4.04e+40 -1.75e+01 -7.76e+00 -7.45e+00
1.84e+02 3.99e+40 -1.75e+01 -7.78e+00 -7.53e+00
1.86e+02 3.93e+40 -1.75e+01 -7.64e+00 -7.38e+00
1.86e+02 3.90e+40 -1.75e+01 -7.65e+00 -7.37e+00
1.88e+02 3.85e+40 -1.75e+01 -7.66e+00 -7.25e+00
1.88e+02 3.78e+40 -1.74e+01 -7.63e+00 -7.30e+00
1.90e+02 3.75e+40 -1.74e+01 -7.70e+00 -7.22e+00
1.90e+02 3.70e+40 -1.74e+01 -7.61e+00 -7.30e+00
1.92e+02 3.65e+40 -1.74e+01 -7.58e+00 -7.19e+00
1.92e+02 3.61e+40 -1.74e+01 -7.57e+00 -7.13e+00
1.94e+02 3.57e+40 -1.74e+01 -7.53e+00 -7.22e+00
1.94e+02 3.53e+40 -1.74e+01 -7.48e+00 -7.13e+00
1.96e+02 3.48e+40 -1.74e+01 -7.56e+00 -7.22e+00
1.96e+02 3.44e+40 -1.73e+01 -7.56e+00 -7.19e+00
1.98e+02 3.41e+40 -1.73e+01 -7.49e+00 -7.08e+00
1.98e+02 3.37e+40 -1.73e+01 -7.41e+00 -7.18e+00
2.00e+02 3.33e+40 -1.73e+01 -7.42e+00 -7.09e+00
2.00e+02 3.28e+40 -1.73e+01 -7.38e+00 -7.06e+00
2.02e+02 3.25e+40 -1.73e+01 -7.39e+00 -7.08e+00
2.02e+02 3.21e+40 -1.73e+01 -7.35e+00 -7.13e+00
2.04e+02 3.19e+40 -1.73e+01 -7.43e+00 -6.97e+00
2.04e+02 3.14e+40 -1.72e+01 -7.24e+00 -7.06e+00
2.06e+02 3.11e+40 -1.72e+01 -7.40e+00 -6.99e+00
2.06e+02 3.07e+40 -1.72e+01 -7.32e+00 -7.00e+00
2.08e+02 3.05e+40 -1.72e+01 -7.37e+00 -6.95e+00
2.08e+02 3.01e+40 -1.72e+01 -7.34e+00 -6.86e+00
2.10e+02 2.97e+40 -1.72e+01 -7.27e+00 -6.87e+00
2.10e+02 2.96e+40 -1.72e+01 -7.25e+00 -6.88e+00
2.12e+02 2.92e+40 -1.72e+01 -7.20e+00 -6.84e+00
2.12e+02 2.89e+40 -1.71e+01 -7.24e+00 -6.83e+00
2.14e+02 2.86e+40 -1.71e+01 -7.18e+00 -6.84e+00
2.14e+02 2.82e+40 -1.71e+01 -7.27e+00 -6.87e+00
2.16e+02 2.80e+40 -1.71e+01 -7.18e+00 -6.83e+00
2.16e+02 2.77e+40 -1.71e+01 -7.18e+00 -6.76e+00
2.18e+02 2.75e+40 -1.71e+01 -7.14e+00 -6.83e+00
2.18e+02 2.72e+40 -1.71e+01 -7.11e+00 -6.78e+00
2.20e+02 2.69e+40 -1.71e+01 -7.14e+00 -6.70e+00
2.20e+02 2.67e+40 -1.71e+01 -7.16e+00 -6.85e+00
2.22e+02 2.63e+40 -1.70e+01 -7.08e+00 -6.63e+00
2.22e+02 2.61e+40 -1.70e+01 -7.15e+00 -6.82e+00
2.24e+02 2.58e+40 -1.70e+01 -7.21e+00 -6.78e+00
2.24e+02 2.55e+40 -1.70e+01 -7.08e+00 -6.82e+00
2.26e+02 2.53e+40 -1.70e+01 -7.07e+00 -6.58e+00
2.26e+02 2.50e+40 -1.70e+01 -7.12e+00 -6.75e+00
2.28e+02 2.49e+40 -1.70e+01 -7.08e+00 -6.69e+00
2.28e+02 2.45e+40 -1.70e+01 -7.02e+00 -6.67e+00
2.30e+02 2.44e+40 -1.70e+01 -7.08e+00 -6.65e+00
2.30e+02 2.42e+40 -1.70e+01 -6.99e+00 -6.58e+00
2.32e+02 2.39e+40 -1.69e+01 -7.03e+00 -6.61e+00
2.32e+02 2.37e+40 -1.69e+01 -7.04e+00 -6.60e+00
2.34e+02 2.34e+40 -1.69e+01 -7.02e+00 -6.69e+00
2.34e+02 2.32e+40 -1.69e+01 -6.98e+00 -6.63e+00
2.36e+02 2.31e+40 -1.69e+01 -6.93e+00 -6.54e+00
2.36e+02 2.28e+40 -1.69e+01 -6.94e+00 -6.55e+00
2.38e+02 2.26e+40 -1.69e+01 -6.99e+00 -6.53e+00
2.38e+02 2.24e+40 -1.69e+01 -6.87e+00 -6.53e+00
2.40e+02 2.22e+40 -1.69e+01 -6.86e+00 -6.45e+00
2.40e+02 2.21e+40 -1.69e+01 -6.96e+00 -6.43e+00
2.42e+02 2.18e+40 -1.68e+01 -6.93e+00 -6.50e+00
2.42e+02 2.16e+40 -1.68e+01 -6.89e+00 -6.56e+00
2.44e+02 2.14e+40 -1.68e+01 -6.89e+00 -6.43e+00
2.44e+02 2.12e+40 -1.68e+01 -6.83e+00 -6.51e+00
2.46e+02 2.11e+40 -1.68e+01 -6.82e+00 -6.57e+00
2.46e+02 2.09e+40 -1.68e+01 -6.85e+00 -6.49e+00
2.48e+02 2.07e+40 -1.68e+01 -6.76e+00 -6.54e+00
2.48e+02 2.04e+40 -1.68e+01 -6.80e+00 -6.47e+00
2.50e+02 2.03e+40 -1.68e+01 -6.74e+00 -6.42e+00
2.50e+02 2.01e+40 -1.68e+01 -6.86e+00 -6.38e+00
2.52e+02 2.00e+40 -1.67e+01 -6.79e+00 -6.37e+00
2.52e+02 1.98e+40 -1.67e+01 -6.78e+00 -6.41e+00
2.54e+02 1.97e+40 -1.67e+01 -6.80e+00 -6.42e+00
2.54e+02 1.95e+40 -1.67e+01 -6.79e+00 -6.33e+00
2.56e+02 1.93e+40 -1.67e+01 -6.81e+00 -6.43e+00
2.56e+02 1.92e+40 -1.67e+01 -6.75e+00 -6.36e+00
2.58e+02 1.90e+40 -1.67e+01 -6.70e+00 -6.40e+00
2.58e+02 1.88e+40 -1.67e+01 -6.73e+00 -6.32e+00
2.60e+02 1.87e+40 -1.67e+01 -6.67e+00 -6.31e+00
2.60e+02 1.86e+40 -1.67e+01 -6.74e+00 -6.44e+00
2.62e+02 1.83e+40 -1.67e+01 -6.69e+00 -6.32e+00
2.62e+02 1.83e+40 -1.66e+01 -6.65e+00 -6.33e+00
2.64e+02 1.81e+40 -1.66e+01 -6.64e+00 -6.32e+00
2.64e+02 1.80e+40 -1.66e+01 -6.63e+00 -6.40e+00
2.66e+02 1.78e+40 -1.66e+01 -6.61e+00 -6.29e+00
2.66e+02 1.76e+40 -1.66e+01 -6.65e+00 -6.22e+00
2.68e+02 1.75e+40 -1.66e+01 -6.64e+00 -6.15e+00
2.68e+02 1.73e+40 -1.66e+01 -6.62e+00 -6.18e+00
2.70e+02 1.73e+40 -1.66e+01 -6.69e+00 -6.24e+00
2.70e+02 1.71e+40 -1.66e+01 -6.58e+00 -6.26e+00
2.72e+02 1.70e+40 -1.66e+01 -6.59e+00 -6.19e+00
2.72e+02 1.68e+40 -1.66e+01 -6.64e+00 -6.30e+00
2.74e+02 1.67e+40 -1.66e+01 -6.59e+00 -6.21e+00
2.74e+02 1.66e+40 -1.65e+01 -6.49e+00 -6.09e+00
2.76e+02 1.65e+40 -1.65e+01 -6.59e+00 -6.28e+00
2.76e+02 1.63e+40 -1.65e+01 -6.50e+00 -6.22e+00
2.78e+02 1.62e+40 -1.65e+01 -6.57e+00 -6.18e+00
2.78e+02 1.61e+40 -1.65e+01 -6.54e+00 -6.08e+00
2.80e+02 1.59e+40 -1.65e+01 -6.48e+00 -6.09e+00
2.80e+02 1.58e+40 -1.65e+01 -6.44e+00 -6.10e+00
2.82e+02 1.57e+40 -1.65e+01 -6.54e+00 -6.16e+00
2.82e+02 1.55e+40 -1.65e+01 -6.49e+00 -6.07e+00
2.84e+02 1.55e+40 -1.65e+01 -6.51e+00 -6.06e+00
2.84e+02 1.54e+40 -1.65e+01 -6.53e+00 -6.12e+00
2.86e+02 1.53e+40 -1.65e+01 -6.47e+00 -6.10e+00
2.86e+02 1.51e+40 -1.64e+01 -6.42e+00 -6.06e+00
2.88e+02 1.50e+40 -1.64e+01 -6.51e+00 -6.06e+00
2.88e+02 1.49e+40 -1.64e+01 -6.36e+00 -6.06e+00
2.90e+02 1.48e+40 -1.64e+01 -6.41e+00 -6.01e+00
2.90e+02 1.47e+40 -1.64e+01 -6.40e+00 -6.13e+00
2.92e+02 1.46e+40 -1.64e+01 -6.43e+00 -5.93e+00
2.92e+02 1.45e+40 -1.64e+01 -6.42e+00 -6.02e+00
2.94e+02 1.44e+40 -1.64e+01 -6.42e+00 -6.03e+00
2.94e+02 1.43e+40 -1.64e+01 -6.33e+00 -5.93e+00
2.96e+02 1.43e+40 -1.64e+01 -6.33e+00 -6.02e+00
2.96e+02 1.41e+40 -1.64e+01 -6.39e+00 -6.00e+00
2.98e+02 1.40e+40 -1.64e+01 -6.31e+00 -6.07e+00
2.98e+02 1.38e+40 -1.63e+01 -6.40e+00 -5.95e+00
3.00e+02 1.38e+40 -1.63e+01 -6.35e+00 -5.96e+00
3.00e+02 1.37e+40 -1.63e+01 -6.36e+00 -6.02e+00
3.02e+02 1.36e+40 -1.63e+01 -6.31e+00 -5.97e+00
3.02e+02 1.35e+40 -1.63e+01 -6.34e+00 -5.87e+00
3.04e+02 1.34e+40 -1.63e+01 -6.29e+00 -5.84e+00
3.04e+02 1.33e+40 -1.63e+01 -6.28e+00 -5.99e+00
3.06e+02 1.32e+40 -1.63e+01 -6.37e+00 -5.93e+00
3.06e+02 1.32e+40 -1.63e+01 -6.28e+00 -6.01e+00
3.08e+02 1.30e+40 -1.63e+01 -6.28e+00 -5.88e+00
3.08e+02 1.29e+40 -1.63e+01 -6.26e+00 -5.86e+00
3.10e+02 1.29e+40 -1.63e+01 -6.21e+00 -5.96e+00
3.10e+02 1.28e+40 -1.63e+01 -6.27e+00 -5.92e+00
3.12e+02 1.27e+40 -1.63e+01 -6.24e+00 -5.93e+00
3.12e+02 1.26e+40 -1.62e+01 -6.25e+00 -5.84e+00
3.14e+02 1.26e+40 -1.62e+01 -6.14e+00 -5.83e+00
3.14e+02 1.25e+40 -1.62e+01 -6.20e+00 -5.86e+00
3.16e+02 1.24e+40 -1.62e+01 -6.20e+00 -5.94e+00
3.16e+02 1.23e+40 -1.62e+01 -6.23e+00 -5.81e+00
3.18e+02 1.22e+40 -1.62e+01 -6.20e+00 -5.84e+00
3.18e+02 1.22e+40 -1.62e+01 -6.19e+00 -5.89e+00
3.20e+02 1.20e+40 -1.62e+01 -6.11e+00 -5.88e+00
3.20e+02 1.19e+40 -1.62e+01 -6.21e+00 -5.82e+00
3.22e+02 1.19e+40 -1.62e+01 -6.18e+00 -5.98e+00
3.22e+02 1.18e+40 -1.62e+01 -6.07e+00 -5.82e+00
3.24e+02 1.18e+40 -1.62e+01 -6.14e+00 -5.75e+00
3.24e+02 1.17e+40 -1.62e+01 -6.19e+00 -5.77e+00
3.26e+02 1.16e+40 -1.62e+01 -6.16e+00 -5.83e+00
3.26e+02 1.15e+40 -1.61e+01 -6.10e+00 -5.78e+00
3.28e+02 1.15e+40 -1.61e+01 -6.13e+00 -5.82e+00
3.28e+02 1.14e+40 -1.61e+01 -6.03e+00 -5.70e+00
3.30e+02 1.13e+40 -1.61e+01 -6.23e+00 -5.85e+00
3.30e+02 1.12e+40 -1.61e+01 -6.16e+00 -5.77e+00
3.32e+02 1.11e+40 -1.61e+01 -6.06e+00 -5.72e+00
3.32e+02 1.11e+40 -1.61e+01 -6.13e+00 -5.67e+00
3.34e+02 1.10e+40 -1.61e+01 -5.97e+00 -5.75e+00
3.34e+02 1.10e+40 -1.61e+01 -6.02e+00 -5.76e+00
3.36e+02 1.09e+40 -1.61e+01 -6.12e+00 -5.71e+00
3.36e+02 1.08e+40 -1.61e+01 -6.12e+00 -5.76e+00
3.38e+02 1.08e+40 -1.61e+01 -6.03e+00 -5.63e+00
3.38e+02 1.07e+40 -1.61e+01 -6.04e+00 -5.62e+00
3.40e+02 1.06e+40 -1.61e+01 -6.03e+00 -5.63e+00
3.40e+02 1.05e+40 -1.61e+01 -6.08e+00 -5.64e+00
3.42e+02 1.05e+40 -1.60e+01 -5.96e+00 -5.62e+00
3.42e+02 1.04e+40 -1.60e+01 -6.08e+00 -5.68e+00
3.44e+02 1.04e+40 -1.60e+01 -6.00e+00 -5.68e+00
3.44e+02 1.03e+40 -1.60e+01 -6.02e+00 -5.58e+00
3.46e+02 1.02e+40 -1.60e+01 -6.03e+00 -5.68e+00
3.46e+02 1.02e+40 -1.60e+01 -5.98e+00 -5.60e+00
3.48e+02 1.01e+40 -1.60e+01 -6.03e+00 -5.56e+00
3.48e+02 1.00e+40 -1.60e+01 -6.01e+00 -5.60e+00
3.50e+02 9.98e+39 -1.60e+01 -5.97e+00 -5.60e+00
3.50e+02 9.93e+39 -1.60e+01 -5.97e+00 -5.58e+00
3.52e+02 9.90e+39 -1.60e+01 -6.05e+00 -5.61e+00
3.52e+02 9.82e+39 -1.60e+01 -5.99e+00 -5.58e+00
3.54e+02 9.79e+39 -1.60e+01 -5.92e+00 -5.52e+00
3.54e+02 9.74e+39 -1.60e+01 -5.93e+00 -5.58e+00
3.56e+02 9.64e+39 -1.60e+01 -5.94e+00 -5.60e+00
3.56e+02 9.61e+39 -1.60e+01 -5.91e+00 -5.60e+00
3.58e+02 9.54e+39 -1.59e+01 -5.97e+00 -5.60e+00
3.58e+02 9.47e+39 -1.59e+01 -5.88e+00 -5.48e+00
3.60e+02 9.46e+39 -1.59e+01 -5.87e+00 -5.48e+00
3.60e+02 9.39e+39 -1.59e+01 -5.93e+00 -5.45e+00
3.62e+02 9.34e+39 -1.59e+01 -5.88e+00 -5.55e+00
3.62e+02 9.27e+39 -1.59e+01 -5.85e+00 -5.56e+00
3.64e+02 9.23e+39 -1.59e+01 -5.90e+00 -5.53e+00
3.64e+02 9.15e+39 -1.59e+01 -5.88e+00 -5.48e+00
3.66e+02 9.14e+39 -1.59e+01 -5.88e+00 -5.43e+00
3.66e+02 9.06e+39 -1.59e+01 -5.91e+00 -5.52e+00
3.68e+02 9.04e+39 -1.59e+01 -5.91e+00 -5.54e+00
3.68e+02 8.97e+39 -1.59e+01 -5.87e+00 -5.53e+00
3.70e+02 8.91e+39 -1.59e+01 -5.81e+00 -5.41e+00
3.70e+02 8.86e+39 -1.59e+01 -5.92e+00 -5.49e+00
3.72e+02 8.84e+39 -1.59e+01 -5.79e+00 -5.51e+00
3.72e+02 8.78e+39 -1.59e+01 -5.79e+00 -5.47e+00
3.74e+02 8.74e+39 -1.58e+01 -5.86e+00 -5.53e+00
3.74e+02 8.69e+39 -1.58e+01 -5.79e+00 -5.38e+00
3.76e+02 8.64e+39 -1.58e+01 -5.85e+00 -5.50e+00
3.76e+02 8.57e+39 -1.58e+01 -5.75e+00 -5.35e+00
3.78e+02 8.53e+39 -1.58e+01 -5.82e+00 -5.39e+00
3.78e+02 8.49e+39 -1.58e+01 -5.80e+00 -5.39e+00
3.80e+02 8.45e+39 -1.58e+01 -5.87e+00 -5.45e+00
3.80e+02 8.40e+39 -1.58e+01 -5.81e+00 -5.36e+00
3.82e+02 8.35e+39 -1.58e+01 -5.82e+00 -5.36e+00
3.82e+02 8.30e+39 -1.58e+01 -5.75e+00 -5.24e+00
3.84e+02 8.27e+39 -1.58e+01 -5.77e+00 -5.42e+00
3.84e+02 8.21e+39 -1.58e+01 -5.74e+00 -5.44e+00
3.86e+02 8.17e+39 -1.58e+01 -5.67e+00 -5.32e+00
3.86e+02 7.54e+39 -1.57e+01 -5.71e+00 -5.30e+00
3.88e+02 2.96e+39 -1.47e+01 -4.79e+00 -4.27e+00
3.88e+02 1.93e+39 -1.42e+01 -4.27e+00 -3.79e+00
3.90e+02 1.32e+39 -1.38e+01 -3.84e+00 -3.45e+00
3.90e+02 8.95e+38 -1.34e+01 -3.51e+00 -3.09e+00
3.92e+02 6.04e+38 -1.29e+01 -2.99e+00 -2.66e+00
3.92e+02 3.94e+38 -1.25e+01 -2.50e+00 -2.35e+00
3.94e+02 2.48e+38 -1.20e+01 -2.12e+00 -1.65e+00
3.94e+02 1.40e+38 -1.14e+01 -1.45e+00 -7.10e-01
3.96e+02 7.39e+37 -1.07e+01 -2.64e-01 0.00e+00
3.96e+02 3.25e+37 -9.78e+00 0.00e+00 0.00e+00
3.98e+02 1.09e+37 -8.59e+00 0.00e+00 0.00e+00
3.98e+02 2.39e+36 -6.94e+00 0.00e+00 0.00e+00
4.00e+02 5.11e+34 -2.77e+00 0.00e+00 0.00e+00
